<?xml version="1.0" encoding="UTF-8"?>
<!-- Generated by org.testng.reporters.JUnitReportReporter -->
<testsuite skipped="1" hostname="HDC4-D-38S0RG2" name="testNGDemos.TestNgDemo2" tests="4" failures="0" timestamp="2019-10-29T16:23:43 IST" time="0.018" errors="0">
  <testcase name="registration" time="0.014" classname="testNGDemos.TestNgDemo2"/>
  <testcase name="login" time="0.001" classname="testNGDemos.TestNgDemo2"/>
  <testcase name="forgotpswrd" time="0.003" classname="testNGDemos.TestNgDemo2"/>
  <testcase name="blockexec" classname="testNGDemos.TestNgDemo2">
    <skipped/>
  </testcase> <!-- blockexec -->
</testsuite> <!-- testNGDemos.TestNgDemo2 -->
