<?xml version="1.0" encoding="UTF-8"?>
<!-- Generated by org.testng.reporters.JUnitReportReporter -->
<testsuite skipped="1" hostname="HDC4-D-38S0RG2" name="testNGDemos.testNGLoginDemo" tests="3" failures="0" timestamp="2019-10-29T17:39:32 IST" time="0.022" errors="0">
  <testcase name="addCart" time="0.020" classname="testNGDemos.testNGLoginDemo"/>
  <testcase name="removeCart" time="0.002" classname="testNGDemos.testNGLoginDemo"/>
  <testcase name="login" classname="testNGDemos.testNGLoginDemo">
    <skipped/>
  </testcase> <!-- login -->
</testsuite> <!-- testNGDemos.testNGLoginDemo -->
